This is pdfTeX, Version 3.1415926-1.40.10 (TeX Live 2009/Debian) (format=latex 2010.5.7)  5 JUL 2010 11:06
entering extended mode
 restricted \write18 enabled.
 %&-line parsing enabled.
**./images.tex
(./images.tex
LaTeX2e <2009/09/24>
Babel <v3.8l> and hyphenation patterns for english, usenglishmax, dumylang, noh
yphenation, loaded.

(/usr/share/texmf-texlive/tex/latex/base/article.cls
Document Class: article 2007/10/19 v1.4h Standard LaTeX document class
(/usr/share/texmf-texlive/tex/latex/base/size10.clo
File: size10.clo 2007/10/19 v1.4h Standard LaTeX file (size option)
)
\c@part=\count79
\c@section=\count80
\c@subsection=\count81
\c@subsubsection=\count82
\c@paragraph=\count83
\c@subparagraph=\count84
\c@figure=\count85
\c@table=\count86
\abovecaptionskip=\skip41
\belowcaptionskip=\skip42
\bibindent=\dimen102
) (/usr/share/texmf-texlive/tex/latex/base/ifthen.sty
Package: ifthen 2001/05/26 v1.1c Standard LaTeX ifthen package (DPC)
) (/usr/share/texmf-texlive/tex/latex/ltxmisc/a4wide.sty
Package: a4wide 1994/08/30
(/usr/share/texmf-texlive/tex/latex/ntgclass/a4.sty
Package: a4 2004/04/15 v1.2g A4 based page layout
)) (/usr/share/texmf-texlive/tex/latex/psnfss/times.sty
Package: times 2005/04/12 PSNFSS-v9.2a (SPQR) 
) (/usr/share/texmf-texlive/tex/latex/tools/xspace.sty
Package: xspace 2006/05/08 v1.12 Space after command names (DPC,MH)
) (/usr/share/texmf-texlive/tex/latex/graphics/epsfig.sty
Package: epsfig 1999/02/16 v1.7a (e)psfig emulation (SPQR)
(/usr/share/texmf-texlive/tex/latex/graphics/graphicx.sty
Package: graphicx 1999/02/16 v1.0f Enhanced LaTeX Graphics (DPC,SPQR)
(/usr/share/texmf-texlive/tex/latex/graphics/keyval.sty
Package: keyval 1999/03/16 v1.13 key=value parser (DPC)
\KV@toks@=\toks14
) (/usr/share/texmf-texlive/tex/latex/graphics/graphics.sty
Package: graphics 2009/02/05 v1.0o Standard LaTeX Graphics (DPC,SPQR)
(/usr/share/texmf-texlive/tex/latex/graphics/trig.sty
Package: trig 1999/03/16 v1.09 sin cos tan (DPC)
) (/etc/texmf/tex/latex/config/graphics.cfg
File: graphics.cfg 2009/08/28 v1.8 graphics configuration of TeX Live
)
Package graphics Info: Driver file: dvips.def on input line 91.
(/usr/share/texmf-texlive/tex/latex/graphics/dvips.def
File: dvips.def 1999/02/16 v3.0i Driver-dependant file (DPC,SPQR)
))
\Gin@req@height=\dimen103
\Gin@req@width=\dimen104
)
\epsfxsize=\dimen105
\epsfysize=\dimen106
) (/usr/share/texmf-texlive/tex/latex/listings/listings.sty
\lst@mode=\count87
\lst@gtempboxa=\box26
\lst@token=\toks15
\lst@length=\count88
\lst@currlwidth=\dimen107
\lst@column=\count89
\lst@pos=\count90
\lst@lostspace=\dimen108
\lst@width=\dimen109
\lst@newlines=\count91
\lst@lineno=\count92
\lst@maxwidth=\dimen110
(/usr/share/texmf-texlive/tex/latex/listings/lstmisc.sty
File: lstmisc.sty 2007/02/22 1.4 (Carsten Heinz)
\c@lstnumber=\count93
\lst@skipnumbers=\count94
\lst@framebox=\box27
) (/usr/share/texmf-texlive/tex/latex/listings/listings.cfg
File: listings.cfg 2007/02/22 1.4 listings configuration
))
Package: listings 2007/02/22 1.4 (Carsten Heinz)
(/usr/share/texmf-texlive/tex/latex/graphics/color.sty
Package: color 2005/11/14 v1.0j Standard LaTeX Color (DPC)
(/etc/texmf/tex/latex/config/color.cfg
File: color.cfg 2007/01/18 v1.5 color configuration of teTeX/TeXLive
)
Package color Info: Driver file: dvips.def on input line 130.
(/usr/share/texmf-texlive/tex/latex/graphics/dvipsnam.def
File: dvipsnam.def 1999/02/16 v3.0i Driver-dependant file (DPC,SPQR)
)) (/usr/share/texmf-texlive/tex/latex/hyperref/hyperref.sty
Package: hyperref 2009/10/09 v6.79a Hypertext links for LaTeX
(/usr/share/texmf-texlive/tex/generic/oberdiek/ifpdf.sty
Package: ifpdf 2009/04/10 v2.0 Provides the ifpdf switch (HO)
Package ifpdf Info: pdfTeX in pdf mode not detected.
) (/usr/share/texmf-texlive/tex/generic/oberdiek/ifvtex.sty
Package: ifvtex 2008/11/04 v1.4 Switches for detecting VTeX and its modes (HO)
Package ifvtex Info: VTeX not detected.
) (/usr/share/texmf-texlive/tex/generic/ifxetex/ifxetex.sty
Package: ifxetex 2009/01/23 v0.5 Provides ifxetex conditional
) (/usr/share/texmf-texlive/tex/latex/oberdiek/hycolor.sty
Package: hycolor 2009/10/02 v1.5 Code for color options of hyperref/bookmark (H
O)
(/usr/share/texmf-texlive/tex/latex/oberdiek/xcolor-patch.sty
Package: xcolor-patch 2009/10/02 xcolor patch
))
\@linkdim=\dimen111
\Hy@linkcounter=\count95
\Hy@pagecounter=\count96
(/usr/share/texmf-texlive/tex/latex/hyperref/pd1enc.def
File: pd1enc.def 2009/10/09 v6.79a Hyperref: PDFDocEncoding definition (HO)
) (/usr/share/texmf-texlive/tex/generic/oberdiek/etexcmds.sty
Package: etexcmds 2007/12/12 v1.2 Prefix for e-TeX command names (HO)
(/usr/share/texmf-texlive/tex/generic/oberdiek/infwarerr.sty
Package: infwarerr 2007/09/09 v1.2 Providing info/warning/message (HO)
)
Package etexcmds Info: Could not find \expanded.
(etexcmds)             That can mean that you are not using pdfTeX 1.50 or
(etexcmds)             that some package has redefined \expanded.
(etexcmds)             In the latter case, load this package earlier.
) (/etc/texmf/tex/latex/config/hyperref.cfg
File: hyperref.cfg 2002/06/06 v1.2 hyperref configuration of TeXLive
) (/usr/share/texmf-texlive/tex/latex/oberdiek/kvoptions.sty
Package: kvoptions 2009/08/13 v3.4 Keyval support for LaTeX options (HO)
(/usr/share/texmf-texlive/tex/generic/oberdiek/kvsetkeys.sty
Package: kvsetkeys 2009/07/30 v1.5 Key value parser with default handler suppor
t (HO)
))
Package hyperref Info: Hyper figures OFF on input line 2975.
Package hyperref Info: Link nesting OFF on input line 2980.
Package hyperref Info: Hyper index ON on input line 2983.
Package hyperref Info: Plain pages OFF on input line 2990.
Package hyperref Info: Backreferencing OFF on input line 2995.
Implicit mode ON; LaTeX internals redefined
Package hyperref Info: Bookmarks ON on input line 3191.
(/usr/share/texmf-texlive/tex/latex/ltxmisc/url.sty
\Urlmuskip=\muskip10
Package: url 2006/04/12  ver 3.3  Verb mode for urls, etc.
)
LaTeX Info: Redefining \url on input line 3428.
(/usr/share/texmf-texlive/tex/generic/oberdiek/bitset.sty
Package: bitset 2007/09/28 v1.0 Data type bit set (HO)
(/usr/share/texmf-texlive/tex/generic/oberdiek/intcalc.sty
Package: intcalc 2007/09/27 v1.1 Expandable integer calculations (HO)
) (/usr/share/texmf-texlive/tex/generic/oberdiek/bigintcalc.sty
Package: bigintcalc 2007/11/11 v1.1 Expandable big integer calculations (HO)
(/usr/share/texmf-texlive/tex/generic/oberdiek/pdftexcmds.sty
Package: pdftexcmds 2009/09/23 v0.6 LuaTeX support for pdfTeX utility functions
 (HO)
(/usr/share/texmf-texlive/tex/generic/oberdiek/ifluatex.sty
Package: ifluatex 2009/04/17 v1.2 Provides the ifluatex switch (HO)
Package ifluatex Info: LuaTeX not detected.
) (/usr/share/texmf-texlive/tex/generic/oberdiek/ltxcmds.sty
Package: ltxcmds 2009/08/05 v1.0 Some LaTeX kernel commands for general use (HO
)
)
Package pdftexcmds Info: LuaTeX not detected.
Package pdftexcmds Info: \pdf@primitive is available.
Package pdftexcmds Info: \pdf@ifprimitive is available.
)))
\Fld@menulength=\count97
\Field@Width=\dimen112
\Fld@charsize=\dimen113
\Field@toks=\toks16
Package hyperref Info: Hyper figures OFF on input line 4377.
Package hyperref Info: Link nesting OFF on input line 4382.
Package hyperref Info: Hyper index ON on input line 4385.
Package hyperref Info: backreferencing OFF on input line 4392.
Package hyperref Info: Link coloring OFF on input line 4397.
Package hyperref Info: Link coloring with OCG OFF on input line 4402.
Package hyperref Info: PDF/A mode OFF on input line 4407.
(/usr/share/texmf-texlive/tex/generic/oberdiek/atbegshi.sty
Package: atbegshi 2008/07/31 v1.9 At begin shipout hook (HO)
)
\Hy@abspage=\count98
\c@Item=\count99
\c@Hfootnote=\count100
)
*hyperref using default driver hdvips*
(/usr/share/texmf-texlive/tex/latex/hyperref/hdvips.def
File: hdvips.def 2009/10/09 v6.79a Hyperref driver for dvips
(/usr/share/texmf-texlive/tex/latex/hyperref/pdfmark.def
File: pdfmark.def 2009/10/09 v6.79a Hyperref definitions for pdfmark specials
\pdf@docset=\toks17
\pdf@box=\box28
\pdf@toks=\toks18
\pdf@defaulttoks=\toks19
\Fld@listcount=\count101
)) (/usr/share/texmf-texlive/tex/latex/base/inputenc.sty
Package: inputenc 2008/03/30 v1.1d Input encoding file
\inpenc@prehook=\toks20
\inpenc@posthook=\toks21
(/usr/share/texmf-texlive/tex/latex/base/latin1.def
File: latin1.def 2008/03/30 v1.1d Input encoding file
))
\sizebox=\box29
\lthtmlwrite=\write3
(./images.aux)
\openout1 = `images.aux'.

LaTeX Font Info:    Checking defaults for OML/cmm/m/it on input line 166.
LaTeX Font Info:    ... okay on input line 166.
LaTeX Font Info:    Checking defaults for T1/cmr/m/n on input line 166.
LaTeX Font Info:    ... okay on input line 166.
LaTeX Font Info:    Checking defaults for OT1/cmr/m/n on input line 166.
LaTeX Font Info:    ... okay on input line 166.
LaTeX Font Info:    Checking defaults for OMS/cmsy/m/n on input line 166.
LaTeX Font Info:    ... okay on input line 166.
LaTeX Font Info:    Checking defaults for OMX/cmex/m/n on input line 166.
LaTeX Font Info:    ... okay on input line 166.
LaTeX Font Info:    Checking defaults for U/cmr/m/n on input line 166.
LaTeX Font Info:    ... okay on input line 166.
LaTeX Font Info:    Checking defaults for PD1/pdf/m/n on input line 166.
LaTeX Font Info:    ... okay on input line 166.
LaTeX Font Info:    Try loading font information for OT1+ptm on input line 166.

(/usr/share/texmf-texlive/tex/latex/psnfss/ot1ptm.fd
File: ot1ptm.fd 2001/06/04 font definitions for OT1/ptm.
)
\c@lstlisting=\count102
Package hyperref Info: Link coloring OFF on input line 166.
(/usr/share/texmf-texlive/tex/latex/hyperref/nameref.sty
Package: nameref 2007/05/29 v2.31 Cross-referencing by name of section
(/usr/share/texmf-texlive/tex/latex/oberdiek/refcount.sty
Package: refcount 2008/08/11 v3.1 Data extraction from references (HO)
)
\c@section@level=\count103
)
LaTeX Info: Redefining \ref on input line 166.
LaTeX Info: Redefining \pageref on input line 166.
\@outlinefile=\write4
\openout4 = `images.out'.

\AtBeginShipoutBox=\box30

Package hyperref Warning: Rerun to get /PageLabels entry.


latex2htmlLength hsize=349.0pt

latex2htmlLength vsize=713.0pt

latex2htmlLength hoffset=0.0pt

latex2htmlLength voffset=0.0pt

latex2htmlLength topmargin=0.0pt

latex2htmlLength topskip=0.00003pt

latex2htmlLength headheight=0.0pt

latex2htmlLength headsep=0.0pt

latex2htmlLength parskip=0.0pt plus 1.0pt

latex2htmlLength oddsidemargin=18.06749pt

latex2htmlLength evensidemargin=18.06749pt

LaTeX Font Info:    Try loading font information for OT1+pcr on input line 194.

(/usr/share/texmf-texlive/tex/latex/psnfss/ot1pcr.fd
File: ot1pcr.fd 2001/06/04 font definitions for OT1/pcr.
)
LaTeX Font Info:    Font shape `OT1/pcr/bx/n' in size <10> not available
(Font)              Font shape `OT1/pcr/b/n' tried instead on input line 195.
l2hSize :lstlisting64:252.0pt::0.0pt::349.0pt.
[1



]
l2hSize :lstlisting70:108.0pt::0.0pt::349.0pt.
[2


]
l2hSize :lstlisting72:24.0pt::0.0pt::349.0pt.
[3


]
Overfull \hbox (5.0036pt too wide) in paragraph at lines 250--251
[][][][][][][][][][][][][][][][][][][][] 
 []


Overfull \hbox (77.00433pt too wide) in paragraph at lines 263--264
[][][][][][][][][][][][][][][][][][][][][][][][][][] 
 []

l2hSize :lstlisting74:252.0pt::0.0pt::349.0pt.
[4


]
Overfull \hbox (77.00433pt too wide) in paragraph at lines 273--274
[][][][][][][][][][][][][][][][][][][][][][][][][][] 
 []


Overfull \hbox (59.00415pt too wide) in paragraph at lines 286--287
[][][][][][][][][][][][][][][][][][][][] 
 []


Overfull \hbox (65.00421pt too wide) in paragraph at lines 287--288
[][][][][][][][][][][][][][][][][][][][] 
 []

l2hSize :lstlisting76:228.0pt::0.0pt::349.0pt.
[5


]
l2hSize :lstlisting88:84.0pt::0.0pt::349.0pt.
[6


]
Overfull \hbox (77.00433pt too wide) in paragraph at lines 314--315
[][][][][][][][][][][][][][][][][][][][][][][][] 
 []

l2hSize :lstlisting96:48.0pt::0.0pt::349.0pt.
[7


]
l2hSize :lstlisting100:48.0pt::0.0pt::349.0pt.
[8


]
l2hSize :lstlisting105:36.0pt::0.0pt::349.0pt.
[9


]
l2hSize :lstlisting115:72.0pt::0.0pt::349.0pt.
[10


]
LaTeX Font Info:    External font `cmex10' loaded for size
(Font)              <7> on input line 358.
LaTeX Font Info:    External font `cmex10' loaded for size
(Font)              <5> on input line 358.
l2hSize :lstlisting119:72.0pt::0.0pt::349.0pt.
[11


]
l2hSize :tex2html_wrap_inline692:8.0pt::8.0pt::6.0556pt.
[12


]
l2hSize :tex2html_wrap_inline694:8.0pt::8.0pt::6.0556pt.
[13


]
l2hSize :lstlisting123:84.0pt::0.0pt::349.0pt.
[14


]
Overfull \hbox (5.0036pt too wide) in paragraph at lines 399--400
[][][][][][][][][][][][][][][][][][][][][][][][][][][][][] 
 []

l2hSize :lstlisting130:120.0pt::0.0pt::349.0pt.
[15


]
l2hSize :lstlisting140:24.0pt::0.0pt::349.0pt.
[16


]
l2hSize :lstlisting143:24.0pt::0.0pt::349.0pt.
[17


]
l2hSize :lstlisting146:24.0pt::0.0pt::349.0pt.
[18


]
l2hSize :lstlisting159:48.0pt::0.0pt::349.0pt.
[19


]
l2hSize :lstlisting173:24.0pt::0.0pt::349.0pt.
[20


]
l2hSize :lstlisting176:72.0pt::0.0pt::349.0pt.
[21


]
l2hSize :lstlisting180:48.0pt::0.0pt::349.0pt.
[22


]
l2hSize :lstlisting184:24.0pt::0.0pt::349.0pt.
[23


]
l2hSize :lstlisting189:24.0pt::0.0pt::349.0pt.
[24


]
l2hSize :lstlisting192:24.0pt::0.0pt::349.0pt.
[25


]
l2hSize :lstlisting195:24.0pt::0.0pt::349.0pt.
[26


]
l2hSize :lstlisting199:24.0pt::0.0pt::349.0pt.
[27


]
l2hSize :lstlisting202:24.0pt::0.0pt::349.0pt.
[28


]
l2hSize :lstlisting211:96.0pt::0.0pt::349.0pt.
[29


]
l2hSize :lstlisting235:24.0pt::0.0pt::349.0pt.
[30


]
Overfull \hbox (71.00427pt too wide) in paragraph at lines 549--550
[][][][][][][][][][][][][][][][][][][][][][][][][][][][] 
 []

l2hSize :lstlisting238:36.0pt::0.0pt::349.0pt.
[31


]
l2hSize :lstlisting241:24.0pt::0.0pt::349.0pt.
[32


]
l2hSize :lstlisting246:24.0pt::0.0pt::349.0pt.
[33


]
Overfull \hbox (23.00378pt too wide) in paragraph at lines 574--575
[][][][][][][][][][][][][][][][][][][][][][][][][] 
 []

l2hSize :lstlisting249:36.0pt::0.0pt::349.0pt.
[34


]
l2hSize :lstlisting253:24.0pt::0.0pt::349.0pt.
[35


]
l2hSize :lstlisting257:24.0pt::0.0pt::349.0pt.
[36


]
l2hSize :lstlisting265:24.0pt::0.0pt::349.0pt.
[37


]
l2hSize :lstlisting269:24.0pt::0.0pt::349.0pt.
[38


]
l2hSize :lstlisting273:24.0pt::0.0pt::349.0pt.
[39


]
l2hSize :lstlisting277:24.0pt::0.0pt::349.0pt.
[40


]
l2hSize :lstlisting283:24.0pt::0.0pt::349.0pt.
[41


]
l2hSize :lstlisting285:24.0pt::0.0pt::349.0pt.
[42


]
l2hSize :lstlisting287:24.0pt::0.0pt::349.0pt.
[43


]
l2hSize :lstlisting289:24.0pt::0.0pt::349.0pt.
[44


]
l2hSize :lstlisting291:24.0pt::0.0pt::349.0pt.
[45


]
l2hSize :lstlisting293:24.0pt::0.0pt::349.0pt.
[46


]
l2hSize :lstlisting295:24.0pt::0.0pt::349.0pt.
[47


]
l2hSize :lstlisting297:24.0pt::0.0pt::349.0pt.
[48


]
l2hSize :lstlisting299:24.0pt::0.0pt::349.0pt.
[49


]
l2hSize :lstlisting302:24.0pt::0.0pt::349.0pt.
[50


]
l2hSize :lstlisting304:24.0pt::0.0pt::349.0pt.
[51


]
l2hSize :lstlisting307:24.0pt::0.0pt::349.0pt.
[52


]
l2hSize :lstlisting309:24.0pt::0.0pt::349.0pt.
[53


]
l2hSize :lstlisting312:24.0pt::0.0pt::349.0pt.
[54


]
l2hSize :lstlisting316:24.0pt::0.0pt::349.0pt.
[55


]
l2hSize :lstlisting324:24.0pt::0.0pt::349.0pt.
[56


]
Overfull \hbox (23.00378pt too wide) in paragraph at lines 761--762
[][][][][][][][][][][][][][][][][][][][] 
 []

l2hSize :lstlisting326:24.0pt::0.0pt::349.0pt.
[57


]
l2hSize :lstlisting331:24.0pt::0.0pt::349.0pt.
[58


]
Overfull \hbox (17.00372pt too wide) in paragraph at lines 785--786
[][][][][][][][][][][][] 
 []


Overfull \hbox (11.00366pt too wide) in paragraph at lines 786--787
[][][][][][][][][][][][][][][][][][][][][] 
 []

l2hSize :lstlisting334:240.0pt::0.0pt::349.0pt.
[59


]
l2hSize :lstlisting340:24.0pt::0.0pt::349.0pt.
[60


]
l2hSize :lstlisting343:24.0pt::0.0pt::349.0pt.
[61


]
l2hSize :lstlisting346:24.0pt::0.0pt::349.0pt.
[62


]
l2hSize :lstlisting350:24.0pt::0.0pt::349.0pt.
[63


]
Overfull \hbox (5.0036pt too wide) in paragraph at lines 837--838
[][][][][][][][][][][][][][] 
 []

l2hSize :lstlisting353:36.0pt::0.0pt::349.0pt.
[64


]
l2hSize :lstlisting358:24.0pt::0.0pt::349.0pt.
[65


]
Overfull \hbox (47.00403pt too wide) in paragraph at lines 859--860
[][][][][][][][][][][][][][][][][] 
 []

l2hSize :lstlisting360:96.0pt::0.0pt::349.0pt.
[66


]
l2hSize :figure372:384.0pt::0.0pt::349.0pt.
[67


]
l2hSize :lstlisting382:24.0pt::0.0pt::349.0pt.
[68


]
l2hSize :lstlisting385:36.0pt::0.0pt::349.0pt.
[69


]
l2hSize :lstlisting391:36.0pt::0.0pt::349.0pt.
[70


]
l2hSize :lstlisting394:48.0pt::0.0pt::349.0pt.
[71


]
Overfull \hbox (29.00385pt too wide) in paragraph at lines 967--968
[][][][][][][][][][][][][][][][][][][] 
 []

l2hSize :lstlisting396:288.0pt::0.0pt::349.0pt.
[72


]
l2hSize :lstlisting409:36.0pt::0.0pt::349.0pt.
[73


]
l2hSize :lstlisting411:24.0pt::0.0pt::349.0pt.
[74


]
Overfull \hbox (77.00433pt too wide) in paragraph at lines 993--994
[][][][][][][][][][][][][][][][][][][] 
 []

l2hSize :lstlisting413:36.0pt::0.0pt::349.0pt.
[75


]
Overfull \hbox (77.00433pt too wide) in paragraph at lines 1002--1003
[][][][][][][][][][][][][][][][][][][] 
 []

l2hSize :lstlisting415:36.0pt::0.0pt::349.0pt.
[76


]
l2hSize :lstlisting419:24.0pt::0.0pt::349.0pt.
[77


]
l2hSize :lstlisting423:24.0pt::0.0pt::349.0pt.
[78


]
Overfull \hbox (29.00385pt too wide) in paragraph at lines 1035--1036
[][][][][][][][][][][][][][][][][][][][][][][][][][] 
 []

l2hSize :lstlisting429:96.0pt::0.0pt::349.0pt.
[79


]
l2hSize :lstlisting437:24.0pt::0.0pt::349.0pt.
[80


]
l2hSize :lstlisting439:24.0pt::0.0pt::349.0pt.
[81


]
l2hSize :lstlisting441:24.0pt::0.0pt::349.0pt.
[82


]
l2hSize :lstlisting443:24.0pt::0.0pt::349.0pt.
[83


]
l2hSize :lstlisting450:24.0pt::0.0pt::349.0pt.
[84


]
l2hSize :lstlisting452:24.0pt::0.0pt::349.0pt.
[85


]
l2hSize :lstlisting454:24.0pt::0.0pt::349.0pt.
[86


]
l2hSize :lstlisting457:24.0pt::0.0pt::349.0pt.
[87


]
Overfull \hbox (101.00458pt too wide) in paragraph at lines 1124--1125
[][][][][][][][][][][][][][][][][][][][][][][][][][][][][][][] 
 []


Overfull \hbox (71.00427pt too wide) in paragraph at lines 1129--1130
[][][][][][][][][][][][][][][][][][][][][][] 
 []


Overfull \hbox (65.00421pt too wide) in paragraph at lines 1133--1134
[][][][][][][][][][][][][][][][][][][][][][][][][][][][][] 
 []

l2hSize :figure463:372.0pt::0.0pt::349.0pt.
[88


]
l2hSize :lstlisting482:36.0pt::0.0pt::349.0pt.
[89


]
l2hSize :lstlisting489:60.0pt::0.0pt::349.0pt.
[90


]
l2hSize :lstlisting495:36.0pt::0.0pt::349.0pt.
[91


]
l2hSize :lstlisting497:36.0pt::0.0pt::349.0pt.
[92


]
l2hSize :lstlisting500:24.0pt::0.0pt::349.0pt.
[93


]
l2hSize :lstlisting502:24.0pt::0.0pt::349.0pt.
[94


]
l2hSize :lstlisting504:84.0pt::0.0pt::349.0pt.
[95


]
l2hSize :lstlisting506:24.0pt::0.0pt::349.0pt.
[96


]
l2hSize :lstlisting508:36.0pt::0.0pt::349.0pt.
[97


]
l2hSize :lstlisting511:36.0pt::0.0pt::349.0pt.
[98


]
l2hSize :lstlisting513:36.0pt::0.0pt::349.0pt.
[99


]
l2hSize :lstlisting515:24.0pt::0.0pt::349.0pt.
[100


]
l2hSize :lstlisting518:24.0pt::0.0pt::349.0pt.
[101


]
l2hSize :lstlisting523:156.0pt::0.0pt::349.0pt.
[102


]
l2hSize :lstlisting532:24.0pt::0.0pt::349.0pt.
[103


]
Overfull \hbox (5.0036pt too wide) in paragraph at lines 1300--1301
[][][][][][][][][][][][][][][][][][][][] 
 []

l2hSize :lstlisting534:24.0pt::0.0pt::349.0pt.
[104


]
Overfull \hbox (59.00415pt too wide) in paragraph at lines 1308--1309
[][][][][][][][][][][][][][][][][][][][] 
 []

l2hSize :lstlisting536:24.0pt::0.0pt::349.0pt.
[105


]
l2hSize :lstlisting538:24.0pt::0.0pt::349.0pt.
[106


]
Overfull \hbox (17.00372pt too wide) in paragraph at lines 1324--1325
[][][][][][][][][][][][][][][][][][][][] 
 []

l2hSize :lstlisting540:24.0pt::0.0pt::349.0pt.
[107


]
l2hSize :lstlisting546:216.0pt::0.0pt::349.0pt.
[108


]
l2hSize :displaymath686:217.0pt::0.0pt::349.0pt.
[109


]
l2hSize :lstlisting600:60.0pt::0.0pt::349.0pt.
[110


]
l2hSize :tex2html_wrap_inline704:7.44444pt::7.44444pt::6.47229pt.
[111


]
l2hSize :tex2html_wrap_inline706:6.74997pt::0.0pt::9.28017pt.
[112


]
l2hSize :tex2html_wrap_inline710:7.24997pt::7.24997pt::106.05911pt.
[113


]
l2hSize :tex2html_wrap_inline712:7.24997pt::7.24997pt::31.27898pt.
[114


]
LaTeX Font Info:    Font shape `OT1/pcr/m/it' in size <10> not available
(Font)              Font shape `OT1/pcr/m/sl' tried instead on input line 1422.

l2hSize :lstlisting607:72.0pt::0.0pt::349.0pt.
[115


]
l2hSize :lstlisting611:36.0pt::0.0pt::349.0pt.
[116


]
l2hSize :lstlisting615:60.0pt::0.0pt::349.0pt.
[117


]
l2hSize :tex2html_wrap_inline684:8.0pt::8.0pt::71.09615pt.
[118


]
l2hSize :tex2html_wrap_inline714:7.24997pt::7.24997pt::6.24234pt.
[119


]
l2hSize :tex2html_wrap_inline716:7.24997pt::7.24997pt::5.98471pt.
[120


]
Overfull \hbox (17.00372pt too wide) in paragraph at lines 1478--1479
[][][][][][][][][][][][][][][][] 
 []


Overfull \hbox (17.00372pt too wide) in paragraph at lines 1491--1492
[][][][][][][][][][][][][][][][] 
 []

l2hSize :lstlisting624:288.0pt::0.0pt::349.0pt.
[121


]
l2hSize :lstlisting630:84.0pt::0.0pt::349.0pt.
[122


]
l2hSize :lstlisting639:192.0pt::0.0pt::349.0pt.
[123


] (./images.aux) ) 
Here is how much of TeX's memory you used:
 6366 strings out of 495062
 90239 string characters out of 1182645
 176334 words of memory out of 3000000
 9478 multiletter control sequences out of 15000+50000
 5878 words of font info for 21 fonts, out of 3000000 for 9000
 28 hyphenation exceptions out of 8191
 38i,11n,42p,253b,1234s stack positions out of 5000i,500n,10000p,200000b,50000s

Output written on images.dvi (123 pages, 196484 bytes).
